<?xml version="1.0" encoding="UTF-8"?>
<!-- Generated by org.testng.reporters.JUnitReportReporter -->
<testsuite hostname="DESKTOP-1J4PK9H" name="work.baidu" tests="1" failures="0" timestamp="20 Mar 2019 00:58:32 GMT" time="3.221" errors="0">
  <testcase name="Alogin" time="3.221" classname="work.baidu"/>
</testsuite> <!-- work.baidu -->
